# JRE version: OpenJDK Runtime Environment (8.0_242-b01) (build 1.8.0_242-release-1644-b01)
# Java VM: OpenJDK 64-Bit Server VM (25.242-b01 mixed mode windows-amd64 compressed oops)
Heap:
 PSYoungGen      total 190464K, used 59872K [0x00000000d5580000, 0x00000000e3a80000, 0x0000000100000000)
  eden space 178688K, 33% used [0x00000000d5580000,0x00000000d8ff8150,0x00000000e0400000)
  from space 11776K, 0% used [0x00000000e2f00000,0x00000000e2f00000,0x00000000e3a80000)
  to   space 15360K, 0% used [0x00000000e1c80000,0x00000000e1c80000,0x00000000e2b80000)
 ParOldGen       total 110592K, used 32303K [0x0000000080000000, 0x0000000086c00000, 0x00000000d5580000)
  object space 110592K, 29% used [0x0000000080000000,0x0000000081f8be28,0x0000000086c00000)
 Metaspace       used 60013K, capacity 62416K, committed 62488K, reserved 1103872K
  class space    used 8179K, capacity 8708K, committed 8744K, reserved 1048576K
GC Heap History (10 events):
Event: 22.151 GC heap before
{Heap before GC invocations=9 (full 2):
 PSYoungGen      total 139776K, used 12258K [0x00000000d5580000, 0x00000000e3d00000, 0x0000000100000000)
  eden space 127488K, 0% used [0x00000000d5580000,0x00000000d5580000,0x00000000dd200000)
  from space 12288K, 99% used [0x00000000dd200000,0x00000000dddf88e0,0x00000000dde00000)
  to   space 14336K, 0% used [0x00000000e2f00000,0x00000000e2f00000,0x00000000e3d00000)
 ParOldGen       total 54272K, used 8922K [0x0000000080000000, 0x0000000083500000, 0x00000000d5580000)
  object space 54272K, 16% used [0x0000000080000000,0x00000000808b6938,0x0000000083500000)
 Metaspace       used 34428K, capacity 35406K, committed 35496K, reserved 1079296K
  class space    used 4681K, capacity 4948K, committed 5032K, reserved 1048576K
Event: 22.327 GC heap after
Heap after GC invocations=9 (full 2):
 PSYoungGen      total 139776K, used 0K [0x00000000d5580000, 0x00000000e3d00000, 0x0000000100000000)
  eden space 127488K, 0% used [0x00000000d5580000,0x00000000d5580000,0x00000000dd200000)
  from space 12288K, 0% used [0x00000000dd200000,0x00000000dd200000,0x00000000dde00000)
  to   space 14336K, 0% used [0x00000000e2f00000,0x00000000e2f00000,0x00000000e3d00000)
 ParOldGen       total 89088K, used 20183K [0x0000000080000000, 0x0000000085700000, 0x00000000d5580000)
  object space 89088K, 22% used [0x0000000080000000,0x00000000813b5c00,0x0000000085700000)
 Metaspace       used 34428K, capacity 35406K, committed 35496K, reserved 1079296K
  class space    used 4681K, capacity 4948K, committed 5032K, reserved 1048576K
}
Event: 25.823 GC heap before
{Heap before GC invocations=10 (full 2):
 PSYoungGen      total 139776K, used 127488K [0x00000000d5580000, 0x00000000e3d00000, 0x0000000100000000)
  eden space 127488K, 100% used [0x00000000d5580000,0x00000000dd200000,0x00000000dd200000)
  from space 12288K, 0% used [0x00000000dd200000,0x00000000dd200000,0x00000000dde00000)
  to   space 14336K, 0% used [0x00000000e2f00000,0x00000000e2f00000,0x00000000e3d00000)
 ParOldGen       total 89088K, used 20183K [0x0000000080000000, 0x0000000085700000, 0x00000000d5580000)
  object space 89088K, 22% used [0x0000000080000000,0x00000000813b5c00,0x0000000085700000)
 Metaspace       used 42013K, capacity 43694K, committed 44072K, reserved 1087488K
  class space    used 5725K, capacity 6090K, committed 6184K, reserved 1048576K
Event: 25.877 GC heap after
Heap after GC invocations=10 (full 2):
 PSYoungGen      total 190464K, used 11670K [0x00000000d5580000, 0x00000000e3a80000, 0x0000000100000000)
  eden space 178688K, 0% used [0x00000000d5580000,0x00000000d5580000,0x00000000e0400000)
  from space 11776K, 99% used [0x00000000e2f00000,0x00000000e3a65980,0x00000000e3a80000)
  to   space 15360K, 0% used [0x00000000e1c80000,0x00000000e1c80000,0x00000000e2b80000)
 ParOldGen       total 89088K, used 20191K [0x0000000080000000, 0x0000000085700000, 0x00000000d5580000)
  object space 89088K, 22% used [0x0000000080000000,0x00000000813b7c00,0x0000000085700000)
 Metaspace       used 42013K, capacity 43694K, committed 44072K, reserved 1087488K
  class space    used 5725K, capacity 6090K, committed 6184K, reserved 1048576K
}
Event: 30.643 GC heap before
{Heap before GC invocations=11 (full 2):
 PSYoungGen      total 190464K, used 190358K [0x00000000d5580000, 0x00000000e3a80000, 0x0000000100000000)
  eden space 178688K, 100% used [0x00000000d5580000,0x00000000e0400000,0x00000000e0400000)
  from space 11776K, 99% used [0x00000000e2f00000,0x00000000e3a65980,0x00000000e3a80000)
  to   space 15360K, 0% used [0x00000000e1c80000,0x00000000e1c80000,0x00000000e2b80000)
 ParOldGen       total 89088K, used 20191K [0x0000000080000000, 0x0000000085700000, 0x00000000d5580000)
  object space 89088K, 22% used [0x0000000080000000,0x00000000813b7c00,0x0000000085700000)
 Metaspace       used 56918K, capacity 59102K, committed 59160K, reserved 1099776K
  class space    used 7706K, capacity 8193K, committed 8232K, reserved 1048576K
Event: 30.695 GC heap after
Heap after GC invocations=11 (full 2):
 PSYoungGen      total 194048K, used 15356K [0x00000000d5580000, 0x00000000e3a80000, 0x0000000100000000)
  eden space 178688K, 0% used [0x00000000d5580000,0x00000000d5580000,0x00000000e0400000)
  from space 15360K, 99% used [0x00000000e1c80000,0x00000000e2b7f320,0x00000000e2b80000)
  to   space 11776K, 0% used [0x00000000e2f00000,0x00000000e2f00000,0x00000000e3a80000)
 ParOldGen       total 89088K, used 32345K [0x0000000080000000, 0x0000000085700000, 0x00000000d5580000)
  object space 89088K, 36% used [0x0000000080000000,0x0000000081f96448,0x0000000085700000)
 Metaspace       used 56918K, capacity 59102K, committed 59160K, reserved 1099776K
  class space    used 7706K, capacity 8193K, committed 8232K, reserved 1048576K
}
Event: 30.713 GC heap before
{Heap before GC invocations=12 (full 2):
 PSYoungGen      total 194048K, used 18708K [0x00000000d5580000, 0x00000000e3a80000, 0x0000000100000000)
  eden space 178688K, 1% used [0x00000000d5580000,0x00000000d58c5f00,0x00000000e0400000)
  from space 15360K, 99% used [0x00000000e1c80000,0x00000000e2b7f320,0x00000000e2b80000)
  to   space 11776K, 0% used [0x00000000e2f00000,0x00000000e2f00000,0x00000000e3a80000)
 ParOldGen       total 89088K, used 32345K [0x0000000080000000, 0x0000000085700000, 0x00000000d5580000)
  object space 89088K, 36% used [0x0000000080000000,0x0000000081f96448,0x0000000085700000)
 Metaspace       used 56926K, capacity 59104K, committed 59160K, reserved 1099776K
  class space    used 7707K, capacity 8194K, committed 8232K, reserved 1048576K
Event: 30.742 GC heap after
Heap after GC invocations=12 (full 2):
 PSYoungGen      total 190464K, used 11764K [0x00000000d5580000, 0x00000000e3a80000, 0x0000000100000000)
  eden space 178688K, 0% used [0x00000000d5580000,0x00000000d5580000,0x00000000e0400000)
  from space 11776K, 99% used [0x00000000e2f00000,0x00000000e3a7d320,0x00000000e3a80000)
  to   space 15360K, 0% used [0x00000000e1c80000,0x00000000e1c80000,0x00000000e2b80000)
 ParOldGen       total 89088K, used 35889K [0x0000000080000000, 0x0000000085700000, 0x00000000d5580000)
  object space 89088K, 40% used [0x0000000080000000,0x000000008230c4f8,0x0000000085700000)
 Metaspace       used 56926K, capacity 59104K, committed 59160K, reserved 1099776K
  class space    used 7707K, capacity 8194K, committed 8232K, reserved 1048576K
}
Event: 30.742 GC heap before
{Heap before GC invocations=13 (full 3):
 PSYoungGen      total 190464K, used 11764K [0x00000000d5580000, 0x00000000e3a80000, 0x0000000100000000)
  eden space 178688K, 0% used [0x00000000d5580000,0x00000000d5580000,0x00000000e0400000)
  from space 11776K, 99% used [0x00000000e2f00000,0x00000000e3a7d320,0x00000000e3a80000)
  to   space 15360K, 0% used [0x00000000e1c80000,0x00000000e1c80000,0x00000000e2b80000)
 ParOldGen       total 89088K, used 35889K [0x0000000080000000, 0x0000000085700000, 0x00000000d5580000)
  object space 89088K, 40% used [0x0000000080000000,0x000000008230c4f8,0x0000000085700000)
 Metaspace       used 56926K, capacity 59104K, committed 59160K, reserved 1099776K
  class space    used 7707K, capacity 8194K, committed 8232K, reserved 1048576K
Event: 31.069 GC heap after
Heap after GC invocations=13 (full 3):
 PSYoungGen      total 190464K, used 0K [0x00000000d5580000, 0x00000000e3a80000, 0x0000000100000000)
  eden space 178688K, 0% used [0x00000000d5580000,0x00000000d5580000,0x00000000e0400000)
  from space 11776K, 0% used [0x00000000e2f00000,0x00000000e2f00000,0x00000000e3a80000)
  to   space 15360K, 0% used [0x00000000e1c80000,0x00000000e1c80000,0x00000000e2b80000)
 ParOldGen       total 110592K, used 32303K [0x0000000080000000, 0x0000000086c00000, 0x00000000d5580000)
  object space 110592K, 29% used [0x0000000080000000,0x0000000081f8be28,0x0000000086c00000)
 Metaspace       used 56917K, capacity 59074K, committed 59160K, reserved 1099776K
  class space    used 7704K, capacity 8189K, committed 8232K, reserved 1048576K
}

