# JRE version: OpenJDK Runtime Environment (8.0_242-b01) (build 1.8.0_242-release-1644-b01)
# Java VM: OpenJDK 64-Bit Server VM (25.242-b01 mixed mode windows-amd64 compressed oops)
Heap:
 PSYoungGen      total 172032K, used 9223K [0x00000000d5580000, 0x00000000e1080000, 0x0000000100000000)
  eden space 159744K, 5% used [0x00000000d5580000,0x00000000d5e81c50,0x00000000df180000)
  from space 12288K, 0% used [0x00000000e0480000,0x00000000e0480000,0x00000000e1080000)
  to   space 14336K, 0% used [0x00000000df480000,0x00000000df480000,0x00000000e0280000)
 ParOldGen       total 121856K, used 32900K [0x0000000080000000, 0x0000000087700000, 0x00000000d5580000)
  object space 121856K, 26% used [0x0000000080000000,0x0000000082021370,0x0000000087700000)
 Metaspace       used 57405K, capacity 59672K, committed 59800K, reserved 1101824K
  class space    used 7792K, capacity 8340K, committed 8360K, reserved 1048576K
GC Heap History (10 events):
Event: 12.470 GC heap before
{Heap before GC invocations=11 (full 2):
 PSYoungGen      total 138240K, used 10750K [0x00000000d5580000, 0x00000000e1100000, 0x0000000100000000)
  eden space 127488K, 0% used [0x00000000d5580000,0x00000000d5580000,0x00000000dd200000)
  from space 10752K, 99% used [0x00000000dd200000,0x00000000ddc7f830,0x00000000ddc80000)
  to   space 12800K, 0% used [0x00000000e0480000,0x00000000e0480000,0x00000000e1100000)
 ParOldGen       total 52224K, used 10239K [0x0000000080000000, 0x0000000083300000, 0x00000000d5580000)
  object space 52224K, 19% used [0x0000000080000000,0x00000000809ffc48,0x0000000083300000)
 Metaspace       used 34420K, capacity 35406K, committed 35496K, reserved 1079296K
  class space    used 4685K, capacity 4948K, committed 5032K, reserved 1048576K
Event: 12.617 GC heap after
Heap after GC invocations=11 (full 2):
 PSYoungGen      total 138240K, used 0K [0x00000000d5580000, 0x00000000e1100000, 0x0000000100000000)
  eden space 127488K, 0% used [0x00000000d5580000,0x00000000d5580000,0x00000000dd200000)
  from space 10752K, 0% used [0x00000000dd200000,0x00000000dd200000,0x00000000ddc80000)
  to   space 12800K, 0% used [0x00000000e0480000,0x00000000e0480000,0x00000000e1100000)
 ParOldGen       total 86528K, used 20213K [0x0000000080000000, 0x0000000085480000, 0x00000000d5580000)
  object space 86528K, 23% used [0x0000000080000000,0x00000000813bd7b8,0x0000000085480000)
 Metaspace       used 34420K, capacity 35406K, committed 35496K, reserved 1079296K
  class space    used 4685K, capacity 4948K, committed 5032K, reserved 1048576K
}
Event: 15.794 GC heap before
{Heap before GC invocations=12 (full 2):
 PSYoungGen      total 138240K, used 127488K [0x00000000d5580000, 0x00000000e1100000, 0x0000000100000000)
  eden space 127488K, 100% used [0x00000000d5580000,0x00000000dd200000,0x00000000dd200000)
  from space 10752K, 0% used [0x00000000dd200000,0x00000000dd200000,0x00000000ddc80000)
  to   space 12800K, 0% used [0x00000000e0480000,0x00000000e0480000,0x00000000e1100000)
 ParOldGen       total 86528K, used 20213K [0x0000000080000000, 0x0000000085480000, 0x00000000d5580000)
  object space 86528K, 23% used [0x0000000080000000,0x00000000813bd7b8,0x0000000085480000)
 Metaspace       used 42292K, capacity 43994K, committed 44328K, reserved 1087488K
  class space    used 5758K, capacity 6124K, committed 6184K, reserved 1048576K
Event: 15.815 GC heap after
Heap after GC invocations=12 (full 2):
 PSYoungGen      total 172032K, used 12013K [0x00000000d5580000, 0x00000000e1080000, 0x0000000100000000)
  eden space 159744K, 0% used [0x00000000d5580000,0x00000000d5580000,0x00000000df180000)
  from space 12288K, 97% used [0x00000000e0480000,0x00000000e103b538,0x00000000e1080000)
  to   space 14336K, 0% used [0x00000000df480000,0x00000000df480000,0x00000000e0280000)
 ParOldGen       total 86528K, used 20221K [0x0000000080000000, 0x0000000085480000, 0x00000000d5580000)
  object space 86528K, 23% used [0x0000000080000000,0x00000000813bf7b8,0x0000000085480000)
 Metaspace       used 42292K, capacity 43994K, committed 44328K, reserved 1087488K
  class space    used 5758K, capacity 6124K, committed 6184K, reserved 1048576K
}
Event: 20.043 GC heap before
{Heap before GC invocations=13 (full 2):
 PSYoungGen      total 172032K, used 171757K [0x00000000d5580000, 0x00000000e1080000, 0x0000000100000000)
  eden space 159744K, 100% used [0x00000000d5580000,0x00000000df180000,0x00000000df180000)
  from space 12288K, 97% used [0x00000000e0480000,0x00000000e103b538,0x00000000e1080000)
  to   space 14336K, 0% used [0x00000000df480000,0x00000000df480000,0x00000000e0280000)
 ParOldGen       total 86528K, used 20221K [0x0000000080000000, 0x0000000085480000, 0x00000000d5580000)
  object space 86528K, 23% used [0x0000000080000000,0x00000000813bf7b8,0x0000000085480000)
 Metaspace       used 55917K, capacity 58130K, committed 58280K, reserved 1099776K
  class space    used 7572K, capacity 8091K, committed 8104K, reserved 1048576K
Event: 20.087 GC heap after
Heap after GC invocations=13 (full 2):
 PSYoungGen      total 174080K, used 14324K [0x00000000d5580000, 0x00000000e1080000, 0x0000000100000000)
  eden space 159744K, 0% used [0x00000000d5580000,0x00000000d5580000,0x00000000df180000)
  from space 14336K, 99% used [0x00000000df480000,0x00000000e027d320,0x00000000e0280000)
  to   space 12288K, 0% used [0x00000000e0480000,0x00000000e0480000,0x00000000e1080000)
 ParOldGen       total 86528K, used 31434K [0x0000000080000000, 0x0000000085480000, 0x00000000d5580000)
  object space 86528K, 36% used [0x0000000080000000,0x0000000081eb2998,0x0000000085480000)
 Metaspace       used 55917K, capacity 58130K, committed 58280K, reserved 1099776K
  class space    used 7572K, capacity 8091K, committed 8104K, reserved 1048576K
}
Event: 20.474 GC heap before
{Heap before GC invocations=14 (full 2):
 PSYoungGen      total 174080K, used 29482K [0x00000000d5580000, 0x00000000e1080000, 0x0000000100000000)
  eden space 159744K, 9% used [0x00000000d5580000,0x00000000d644d5d8,0x00000000df180000)
  from space 14336K, 99% used [0x00000000df480000,0x00000000e027d320,0x00000000e0280000)
  to   space 12288K, 0% used [0x00000000e0480000,0x00000000e0480000,0x00000000e1080000)
 ParOldGen       total 86528K, used 31434K [0x0000000080000000, 0x0000000085480000, 0x00000000d5580000)
  object space 86528K, 36% used [0x0000000080000000,0x0000000081eb2998,0x0000000085480000)
 Metaspace       used 56934K, capacity 59108K, committed 59160K, reserved 1099776K
  class space    used 7707K, capacity 8194K, committed 8232K, reserved 1048576K
Event: 20.510 GC heap after
Heap after GC invocations=14 (full 2):
 PSYoungGen      total 172032K, used 10391K [0x00000000d5580000, 0x00000000e1080000, 0x0000000100000000)
  eden space 159744K, 0% used [0x00000000d5580000,0x00000000d5580000,0x00000000df180000)
  from space 12288K, 84% used [0x00000000e0480000,0x00000000e0ea5f50,0x00000000e1080000)
  to   space 14336K, 0% used [0x00000000df480000,0x00000000df480000,0x00000000e0280000)
 ParOldGen       total 86528K, used 36872K [0x0000000080000000, 0x0000000085480000, 0x00000000d5580000)
  object space 86528K, 42% used [0x0000000080000000,0x0000000082402278,0x0000000085480000)
 Metaspace       used 56934K, capacity 59108K, committed 59160K, reserved 1099776K
  class space    used 7707K, capacity 8194K, committed 8232K, reserved 1048576K
}
Event: 20.510 GC heap before
{Heap before GC invocations=15 (full 3):
 PSYoungGen      total 172032K, used 10391K [0x00000000d5580000, 0x00000000e1080000, 0x0000000100000000)
  eden space 159744K, 0% used [0x00000000d5580000,0x00000000d5580000,0x00000000df180000)
  from space 12288K, 84% used [0x00000000e0480000,0x00000000e0ea5f50,0x00000000e1080000)
  to   space 14336K, 0% used [0x00000000df480000,0x00000000df480000,0x00000000e0280000)
 ParOldGen       total 86528K, used 36872K [0x0000000080000000, 0x0000000085480000, 0x00000000d5580000)
  object space 86528K, 42% used [0x0000000080000000,0x0000000082402278,0x0000000085480000)
 Metaspace       used 56934K, capacity 59108K, committed 59160K, reserved 1099776K
  class space    used 7707K, capacity 8194K, committed 8232K, reserved 1048576K
Event: 20.909 GC heap after
Heap after GC invocations=15 (full 3):
 PSYoungGen      total 172032K, used 0K [0x00000000d5580000, 0x00000000e1080000, 0x0000000100000000)
  eden space 159744K, 0% used [0x00000000d5580000,0x00000000d5580000,0x00000000df180000)
  from space 12288K, 0% used [0x00000000e0480000,0x00000000e0480000,0x00000000e1080000)
  to   space 14336K, 0% used [0x00000000df480000,0x00000000df480000,0x00000000e0280000)
 ParOldGen       total 121856K, used 32900K [0x0000000080000000, 0x0000000087700000, 0x00000000d5580000)
  object space 121856K, 26% used [0x0000000080000000,0x0000000082021370,0x0000000087700000)
 Metaspace       used 56921K, capacity 59066K, committed 59160K, reserved 1099776K
  class space    used 7703K, capacity 8187K, committed 8232K, reserved 1048576K
}

